<?xml version="1.0" encoding="UTF-8"?>
<testng-results skipped="1" failed="2" total="25" passed="22">
  <reporter-output>
  </reporter-output>
  <suite name="Suite1" duration-ms="11285" started-at="2017-07-27T11:38:49Z" finished-at="2017-07-27T11:39:00Z">
    <groups>
    </groups>
    <test name="shop" duration-ms="3192" started-at="2017-07-27T11:38:49Z" finished-at="2017-07-27T11:38:52Z">
      <class name="com.shop.controller.httptest.QueryShopById_HttpTest">
        <test-method status="FAIL" signature="QueryShopById_testCase1(java.lang.String, java.lang.String, java.lang.String, java.lang.String, java.lang.String, java.lang.String, java.lang.String, java.lang.String, java.lang.String)[pri:0, instance:com.shop.controller.httptest.QueryShopById_HttpTest@4439f31e]" name="QueryShopById_testCase1" duration-ms="24" started-at="2017-07-27T19:38:52Z" data-provider="csvDataProvider" finished-at="2017-07-27T19:38:52Z">
          <params>
            <param index="0">
              <value>
                <![CDATA[add1112]]>
              </value>
            </param>
            <param index="1">
              <value>
                <![CDATA[110101]]>
              </value>
            </param>
            <param index="2">
              <value>
                <![CDATA["北京市市辖区"]]>
              </value>
            </param>
            <param index="3">
              <value>
                <![CDATA[110100]]>
              </value>
            </param>
            <param index="4">
              <value>
                <![CDATA[11128116767]]>
              </value>
            </param>
            <param index="5">
              <value>
                <![CDATA[110000]]>
              </value>
            </param>
            <param index="6">
              <value>
                <![CDATA[shop1112]]>
              </value>
            </param>
            <param index="7">
              <value>
                <![CDATA[1]]>
              </value>
            </param>
            <param index="8">
              <value>
                <![CDATA[test1112]]>
              </value>
            </param>
          </params>
          <exception class="java.lang.AssertionError">
            <message>
              <![CDATA[http返回状态失败！ expected [true] but found [false]]]>
            </message>
            <full-stacktrace>
              <![CDATA[java.lang.AssertionError: http返回状态失败！ expected [true] but found [false]
	at org.testng.Assert.fail(Assert.java:94)
	at org.testng.Assert.failNotEquals(Assert.java:513)
	at org.testng.Assert.assertTrue(Assert.java:42)
	at com.elephtribe.tools.httputils.HttpResult.checkHttpSucess(HttpResult.java:74)
	at com.shop.controller.httptest.QueryShopById_HttpTest.QueryShopById_testCase1(QueryShopById_HttpTest.java:48)
	at sun.reflect.NativeMethodAccessorImpl.invoke0(Native Method)
	at sun.reflect.NativeMethodAccessorImpl.invoke(NativeMethodAccessorImpl.java:62)
	at sun.reflect.DelegatingMethodAccessorImpl.invoke(DelegatingMethodAccessorImpl.java:43)
	at java.lang.reflect.Method.invoke(Method.java:498)
	at org.testng.internal.MethodInvocationHelper.invokeMethod(MethodInvocationHelper.java:86)
	at org.testng.internal.Invoker.invokeMethod(Invoker.java:643)
	at org.testng.internal.Invoker.invokeTestMethod(Invoker.java:820)
	at org.testng.internal.Invoker.invokeTestMethods(Invoker.java:1128)
	at org.testng.internal.TestMethodWorker.invokeTestMethods(TestMethodWorker.java:129)
	at org.testng.internal.TestMethodWorker.run(TestMethodWorker.java:112)
	at org.testng.TestRunner.privateRun(TestRunner.java:782)
	at org.testng.TestRunner.run(TestRunner.java:632)
	at org.testng.SuiteRunner.runTest(SuiteRunner.java:366)
	at org.testng.SuiteRunner.runSequentially(SuiteRunner.java:361)
	at org.testng.SuiteRunner.privateRun(SuiteRunner.java:319)
	at org.testng.SuiteRunner.run(SuiteRunner.java:268)
	at org.testng.SuiteRunnerWorker.runSuite(SuiteRunnerWorker.java:52)
	at org.testng.SuiteRunnerWorker.run(SuiteRunnerWorker.java:86)
	at org.testng.TestNG.runSuitesSequentially(TestNG.java:1244)
	at org.testng.TestNG.runSuitesLocally(TestNG.java:1169)
	at org.testng.TestNG.run(TestNG.java:1064)
	at org.apache.maven.surefire.testng.TestNGExecutor.run(TestNGExecutor.java:122)
	at org.apache.maven.surefire.testng.TestNGXmlTestSuite.execute(TestNGXmlTestSuite.java:92)
	at org.apache.maven.surefire.testng.TestNGProvider.invoke(TestNGProvider.java:101)
	at sun.reflect.NativeMethodAccessorImpl.invoke0(Native Method)
	at sun.reflect.NativeMethodAccessorImpl.invoke(NativeMethodAccessorImpl.java:62)
	at sun.reflect.DelegatingMethodAccessorImpl.invoke(DelegatingMethodAccessorImpl.java:43)
	at java.lang.reflect.Method.invoke(Method.java:498)
	at org.apache.maven.surefire.util.ReflectionUtils.invokeMethodWithArray(ReflectionUtils.java:164)
	at org.apache.maven.surefire.booter.ProviderFactory$ProviderProxy.invoke(ProviderFactory.java:110)
	at org.apache.maven.surefire.booter.SurefireStarter.invokeProvider(SurefireStarter.java:172)
	at org.apache.maven.surefire.booter.SurefireStarter.runSuitesInProcessWhenForked(SurefireStarter.java:104)
	at org.apache.maven.surefire.booter.ForkedBooter.main(ForkedBooter.java:70)
]]>
            </full-stacktrace>
          </exception> <!-- java.lang.AssertionError -->
          <reporter-output>
          </reporter-output>
        </test-method> <!-- QueryShopById_testCase1 -->
        <test-method status="PASS" signature="QueryShopById_testCase3()[pri:0, instance:com.shop.controller.httptest.QueryShopById_HttpTest@4439f31e]" name="QueryShopById_testCase3" duration-ms="28" started-at="2017-07-27T19:38:52Z" finished-at="2017-07-27T19:38:52Z">
          <reporter-output>
          </reporter-output>
        </test-method> <!-- QueryShopById_testCase3 -->
        <test-method status="SKIP" signature="QueryShopById_testCase2()[pri:0, instance:com.shop.controller.httptest.QueryShopById_HttpTest@4439f31e]" name="QueryShopById_testCase2" duration-ms="0" started-at="2017-07-27T19:38:52Z" depends-on-methods="com.shop.controller.httptest.QueryShopById_HttpTest.QueryShopById_testCase1" finished-at="2017-07-27T19:38:52Z">
          <exception class="java.lang.Throwable">
            <message>
              <![CDATA[Method QueryShopById_HttpTest.QueryShopById_testCase2()[pri:0, instance:com.shop.controller.httptest.QueryShopById_HttpTest@4439f31e] depends on not successfully finished methods]]>
            </message>
            <full-stacktrace>
              <![CDATA[java.lang.Throwable: Method QueryShopById_HttpTest.QueryShopById_testCase2()[pri:0, instance:com.shop.controller.httptest.QueryShopById_HttpTest@4439f31e] depends on not successfully finished methods
	at org.testng.internal.Invoker.invokeTestMethods(Invoker.java:1037)
	at org.testng.internal.TestMethodWorker.invokeTestMethods(TestMethodWorker.java:129)
	at org.testng.internal.TestMethodWorker.run(TestMethodWorker.java:112)
	at org.testng.TestRunner.privateRun(TestRunner.java:782)
	at org.testng.TestRunner.run(TestRunner.java:632)
	at org.testng.SuiteRunner.runTest(SuiteRunner.java:366)
	at org.testng.SuiteRunner.runSequentially(SuiteRunner.java:361)
	at org.testng.SuiteRunner.privateRun(SuiteRunner.java:319)
	at org.testng.SuiteRunner.run(SuiteRunner.java:268)
	at org.testng.SuiteRunnerWorker.runSuite(SuiteRunnerWorker.java:52)
	at org.testng.SuiteRunnerWorker.run(SuiteRunnerWorker.java:86)
	at org.testng.TestNG.runSuitesSequentially(TestNG.java:1244)
	at org.testng.TestNG.runSuitesLocally(TestNG.java:1169)
	at org.testng.TestNG.run(TestNG.java:1064)
	at org.apache.maven.surefire.testng.TestNGExecutor.run(TestNGExecutor.java:122)
	at org.apache.maven.surefire.testng.TestNGXmlTestSuite.execute(TestNGXmlTestSuite.java:92)
	at org.apache.maven.surefire.testng.TestNGProvider.invoke(TestNGProvider.java:101)
	at sun.reflect.NativeMethodAccessorImpl.invoke0(Native Method)
	at sun.reflect.NativeMethodAccessorImpl.invoke(NativeMethodAccessorImpl.java:62)
	at sun.reflect.DelegatingMethodAccessorImpl.invoke(DelegatingMethodAccessorImpl.java:43)
	at java.lang.reflect.Method.invoke(Method.java:498)
	at org.apache.maven.surefire.util.ReflectionUtils.invokeMethodWithArray(ReflectionUtils.java:164)
	at org.apache.maven.surefire.booter.ProviderFactory$ProviderProxy.invoke(ProviderFactory.java:110)
	at org.apache.maven.surefire.booter.SurefireStarter.invokeProvider(SurefireStarter.java:172)
	at org.apache.maven.surefire.booter.SurefireStarter.runSuitesInProcessWhenForked(SurefireStarter.java:104)
	at org.apache.maven.surefire.booter.ForkedBooter.main(ForkedBooter.java:70)
]]>
            </full-stacktrace>
          </exception> <!-- java.lang.Throwable -->
          <reporter-output>
          </reporter-output>
        </test-method> <!-- QueryShopById_testCase2 -->
      </class> <!-- com.shop.controller.httptest.QueryShopById_HttpTest -->
      <class name="com.shop.controller.httptest.CreateShop_HttpTest">
        <test-method status="PASS" signature="setUp()[pri:0, instance:com.shop.controller.httptest.CreateShop_HttpTest@215be6bb]" name="setUp" is-config="true" duration-ms="695" started-at="2017-07-27T19:38:49Z" finished-at="2017-07-27T19:38:50Z">
          <reporter-output>
          </reporter-output>
        </test-method> <!-- setUp -->
        <test-method status="PASS" signature="setUp()[pri:0, instance:com.shop.controller.httptest.QueryShopById_HttpTest@4439f31e]" name="setUp" is-config="true" duration-ms="55" started-at="2017-07-27T19:38:50Z" finished-at="2017-07-27T19:38:50Z">
          <reporter-output>
          </reporter-output>
        </test-method> <!-- setUp -->
        <test-method status="PASS" signature="createShop_TestCase1(java.lang.String, java.lang.String, java.lang.String, java.lang.String, java.lang.String, java.lang.String, java.lang.String, java.lang.String, java.lang.String)[pri:0, instance:com.shop.controller.httptest.CreateShop_HttpTest@215be6bb]" name="createShop_TestCase1" duration-ms="1552" started-at="2017-07-27T19:38:50Z" data-provider="csvDataProvider" finished-at="2017-07-27T19:38:52Z">
          <params>
            <param index="0">
              <value>
                <![CDATA[add1112]]>
              </value>
            </param>
            <param index="1">
              <value>
                <![CDATA[110101]]>
              </value>
            </param>
            <param index="2">
              <value>
                <![CDATA["北京市市辖区"]]>
              </value>
            </param>
            <param index="3">
              <value>
                <![CDATA[110100]]>
              </value>
            </param>
            <param index="4">
              <value>
                <![CDATA[11128116767]]>
              </value>
            </param>
            <param index="5">
              <value>
                <![CDATA[110000]]>
              </value>
            </param>
            <param index="6">
              <value>
                <![CDATA[shop1112]]>
              </value>
            </param>
            <param index="7">
              <value>
                <![CDATA[1]]>
              </value>
            </param>
            <param index="8">
              <value>
                <![CDATA[test1112]]>
              </value>
            </param>
          </params>
          <reporter-output>
          </reporter-output>
        </test-method> <!-- createShop_TestCase1 -->
        <test-method status="PASS" signature="createShop_TestCase2()[pri:0, instance:com.shop.controller.httptest.CreateShop_HttpTest@215be6bb]" name="createShop_TestCase2" duration-ms="20" started-at="2017-07-27T19:38:52Z" depends-on-methods="com.shop.controller.httptest.CreateShop_HttpTest.createShop_TestCase1" finished-at="2017-07-27T19:38:52Z">
          <reporter-output>
          </reporter-output>
        </test-method> <!-- createShop_TestCase2 -->
        <test-method status="PASS" signature="deleteDB()[pri:0, instance:com.shop.controller.httptest.CreateShop_HttpTest@215be6bb]" name="deleteDB" is-config="true" duration-ms="209" started-at="2017-07-27T19:38:52Z" finished-at="2017-07-27T19:38:52Z">
          <reporter-output>
          </reporter-output>
        </test-method> <!-- deleteDB -->
        <test-method status="PASS" signature="deleteDB()[pri:0, instance:com.shop.controller.httptest.QueryShopById_HttpTest@4439f31e]" name="deleteDB" is-config="true" duration-ms="578" started-at="2017-07-27T19:38:52Z" finished-at="2017-07-27T19:38:52Z">
          <reporter-output>
          </reporter-output>
        </test-method> <!-- deleteDB -->
      </class> <!-- com.shop.controller.httptest.CreateShop_HttpTest -->
    </test> <!-- shop -->
    <test name="procurement" duration-ms="8061" started-at="2017-07-27T11:38:52Z" finished-at="2017-07-27T11:39:00Z">
      <class name="com.procurement.controller.httptest.SelectSpuByBarcode_HttpTest">
        <test-method status="PASS" signature="SelectSpuByBarcode_testCase1()[pri:0, instance:com.procurement.controller.httptest.SelectSpuByBarcode_HttpTest@724af044]" name="SelectSpuByBarcode_testCase1" duration-ms="606" started-at="2017-07-27T19:38:55Z" finished-at="2017-07-27T19:38:56Z">
          <reporter-output>
          </reporter-output>
        </test-method> <!-- SelectSpuByBarcode_testCase1 -->
        <test-method status="PASS" signature="SelectSpuByBarcode_testCase2()[pri:0, instance:com.procurement.controller.httptest.SelectSpuByBarcode_HttpTest@724af044]" name="SelectSpuByBarcode_testCase2" duration-ms="942" started-at="2017-07-27T19:38:56Z" finished-at="2017-07-27T19:38:57Z">
          <reporter-output>
          </reporter-output>
        </test-method> <!-- SelectSpuByBarcode_testCase2 -->
      </class> <!-- com.procurement.controller.httptest.SelectSpuByBarcode_HttpTest -->
      <class name="com.procurement.controller.httptest.CreateMaterial_HttpTest">
        <test-method status="PASS" signature="setUp()[pri:0, instance:com.procurement.controller.httptest.CreateMaterial_HttpTest@7823a2f9]" name="setUp" is-config="true" duration-ms="27" started-at="2017-07-27T19:38:52Z" finished-at="2017-07-27T19:38:52Z">
          <reporter-output>
          </reporter-output>
        </test-method> <!-- setUp -->
        <test-method status="PASS" signature="setUp()[pri:0, instance:com.procurement.controller.httptest.DeleteMaterial_HttpTest@4cc0edeb]" name="setUp" is-config="true" duration-ms="24" started-at="2017-07-27T19:38:52Z" finished-at="2017-07-27T19:38:52Z">
          <reporter-output>
          </reporter-output>
        </test-method> <!-- setUp -->
        <test-method status="PASS" signature="setUp()[pri:0, instance:com.procurement.controller.httptest.IsPlay_HttpTest@457e2f02]" name="setUp" is-config="true" duration-ms="30" started-at="2017-07-27T19:38:52Z" finished-at="2017-07-27T19:38:52Z">
          <reporter-output>
          </reporter-output>
        </test-method> <!-- setUp -->
        <test-method status="PASS" signature="setUp()[pri:0, instance:com.procurement.controller.httptest.SelectActivityList_HttpTest@5c7fa833]" name="setUp" is-config="true" duration-ms="23" started-at="2017-07-27T19:38:52Z" finished-at="2017-07-27T19:38:53Z">
          <reporter-output>
          </reporter-output>
        </test-method> <!-- setUp -->
        <test-method status="PASS" signature="setUp()[pri:0, instance:com.procurement.controller.httptest.SelectMaterialList_HttpTest@39aeed2f]" name="setUp" is-config="true" duration-ms="21" started-at="2017-07-27T19:38:53Z" finished-at="2017-07-27T19:38:53Z">
          <reporter-output>
          </reporter-output>
        </test-method> <!-- setUp -->
        <test-method status="PASS" signature="setUp()[pri:0, instance:com.procurement.controller.httptest.SelectSpuByBarcode_HttpTest@724af044]" name="setUp" is-config="true" duration-ms="39" started-at="2017-07-27T19:38:53Z" finished-at="2017-07-27T19:38:53Z">
          <reporter-output>
          </reporter-output>
        </test-method> <!-- setUp -->
        <test-method status="PASS" signature="setUp()[pri:0, instance:com.procurement.controller.httptest.SelectSpuById_HttpTest@4678c730]" name="setUp" is-config="true" duration-ms="25" started-at="2017-07-27T19:38:53Z" finished-at="2017-07-27T19:38:53Z">
          <reporter-output>
          </reporter-output>
        </test-method> <!-- setUp -->
        <test-method status="PASS" signature="setUp()[pri:0, instance:com.procurement.controller.httptest.UpdateMaterial_HttpTest@6767c1fc]" name="setUp" is-config="true" duration-ms="24" started-at="2017-07-27T19:38:53Z" finished-at="2017-07-27T19:38:53Z">
          <reporter-output>
          </reporter-output>
        </test-method> <!-- setUp -->
        <test-method status="PASS" signature="setUp()[pri:0, instance:com.procurement.controller.httptest.UploadDiff_HttpTest@29ee9faa]" name="setUp" is-config="true" duration-ms="49" started-at="2017-07-27T19:38:53Z" finished-at="2017-07-27T19:38:53Z">
          <reporter-output>
          </reporter-output>
        </test-method> <!-- setUp -->
        <test-method status="PASS" signature="CreateMaterial_testCase2()[pri:0, instance:com.procurement.controller.httptest.CreateMaterial_HttpTest@7823a2f9]" name="CreateMaterial_testCase2" duration-ms="28" started-at="2017-07-27T19:38:53Z" finished-at="2017-07-27T19:38:53Z">
          <reporter-output>
          </reporter-output>
        </test-method> <!-- CreateMaterial_testCase2 -->
        <test-method status="PASS" signature="createMaterial_testCase1(java.lang.String, java.lang.String, java.lang.String, java.lang.String)[pri:0, instance:com.procurement.controller.httptest.CreateMaterial_HttpTest@7823a2f9]" name="createMaterial_testCase1" duration-ms="915" started-at="2017-07-27T19:38:53Z" data-provider="csvDataProvider" finished-at="2017-07-27T19:38:54Z">
          <params>
            <param index="0">
              <value>
                <![CDATA[test_createMaterial]]>
              </value>
            </param>
            <param index="1">
              <value>
                <![CDATA[assets/voice/07/20/n_1500531565405_1720.mp3]]>
              </value>
            </param>
            <param index="2">
              <value>
                <![CDATA[6922266449611]]>
              </value>
            </param>
            <param index="3">
              <value>
                <![CDATA[62]]>
              </value>
            </param>
          </params>
          <reporter-output>
          </reporter-output>
        </test-method> <!-- createMaterial_testCase1 -->
        <test-method status="PASS" signature="deleteDB()[pri:0, instance:com.procurement.controller.httptest.CreateMaterial_HttpTest@7823a2f9]" name="deleteDB" is-config="true" duration-ms="311" started-at="2017-07-27T19:38:59Z" finished-at="2017-07-27T19:38:59Z">
          <reporter-output>
          </reporter-output>
        </test-method> <!-- deleteDB -->
        <test-method status="PASS" signature="deleteDB()[pri:0, instance:com.procurement.controller.httptest.DeleteMaterial_HttpTest@4cc0edeb]" name="deleteDB" is-config="true" duration-ms="260" started-at="2017-07-27T19:38:59Z" finished-at="2017-07-27T19:39:00Z">
          <reporter-output>
          </reporter-output>
        </test-method> <!-- deleteDB -->
        <test-method status="PASS" signature="deleteDB()[pri:0, instance:com.procurement.controller.httptest.IsPlay_HttpTest@457e2f02]" name="deleteDB" is-config="true" duration-ms="229" started-at="2017-07-27T19:39:00Z" finished-at="2017-07-27T19:39:00Z">
          <reporter-output>
          </reporter-output>
        </test-method> <!-- deleteDB -->
        <test-method status="PASS" signature="deleteDB()[pri:0, instance:com.procurement.controller.httptest.SelectSpuById_HttpTest@4678c730]" name="deleteDB" is-config="true" duration-ms="243" started-at="2017-07-27T19:39:00Z" finished-at="2017-07-27T19:39:00Z">
          <reporter-output>
          </reporter-output>
        </test-method> <!-- deleteDB -->
        <test-method status="PASS" signature="deleteDB()[pri:0, instance:com.procurement.controller.httptest.UpdateMaterial_HttpTest@6767c1fc]" name="deleteDB" is-config="true" duration-ms="281" started-at="2017-07-27T19:39:00Z" finished-at="2017-07-27T19:39:00Z">
          <reporter-output>
          </reporter-output>
        </test-method> <!-- deleteDB -->
      </class> <!-- com.procurement.controller.httptest.CreateMaterial_HttpTest -->
      <class name="com.procurement.controller.httptest.DeleteMaterial_HttpTest">
        <test-method status="PASS" signature="DeleteMaterial_testCase1(java.lang.String, java.lang.String, java.lang.String, java.lang.String)[pri:0, instance:com.procurement.controller.httptest.DeleteMaterial_HttpTest@4cc0edeb]" name="DeleteMaterial_testCase1" duration-ms="383" started-at="2017-07-27T19:38:54Z" data-provider="csvDataProvider" finished-at="2017-07-27T19:38:54Z">
          <params>
            <param index="0">
              <value>
                <![CDATA[test_deleteMaterial]]>
              </value>
            </param>
            <param index="1">
              <value>
                <![CDATA[assets/voice/07/20/n_1500531565405_1720.mp3]]>
              </value>
            </param>
            <param index="2">
              <value>
                <![CDATA[6922266449611]]>
              </value>
            </param>
            <param index="3">
              <value>
                <![CDATA[62]]>
              </value>
            </param>
          </params>
          <reporter-output>
          </reporter-output>
        </test-method> <!-- DeleteMaterial_testCase1 -->
        <test-method status="PASS" signature="DeleteMaterial_testCase2()[pri:0, instance:com.procurement.controller.httptest.DeleteMaterial_HttpTest@4cc0edeb]" name="DeleteMaterial_testCase2" duration-ms="25" started-at="2017-07-27T19:38:54Z" finished-at="2017-07-27T19:38:54Z">
          <reporter-output>
          </reporter-output>
        </test-method> <!-- DeleteMaterial_testCase2 -->
      </class> <!-- com.procurement.controller.httptest.DeleteMaterial_HttpTest -->
      <class name="com.procurement.controller.httptest.SelectMaterialList_HttpTest">
        <test-method status="PASS" signature="selectMaterialList_testCase1()[pri:0, instance:com.procurement.controller.httptest.SelectMaterialList_HttpTest@39aeed2f]" name="selectMaterialList_testCase1" duration-ms="231" started-at="2017-07-27T19:38:55Z" finished-at="2017-07-27T19:38:55Z">
          <reporter-output>
          </reporter-output>
        </test-method> <!-- selectMaterialList_testCase1 -->
        <test-method status="PASS" signature="selectMaterialList_testCase2()[pri:0, instance:com.procurement.controller.httptest.SelectMaterialList_HttpTest@39aeed2f]" name="selectMaterialList_testCase2" duration-ms="18" started-at="2017-07-27T19:38:55Z" finished-at="2017-07-27T19:38:55Z">
          <reporter-output>
          </reporter-output>
        </test-method> <!-- selectMaterialList_testCase2 -->
        <test-method status="PASS" signature="selectMaterialList_testCase3()[pri:0, instance:com.procurement.controller.httptest.SelectMaterialList_HttpTest@39aeed2f]" name="selectMaterialList_testCase3" duration-ms="30" started-at="2017-07-27T19:38:55Z" finished-at="2017-07-27T19:38:55Z">
          <reporter-output>
          </reporter-output>
        </test-method> <!-- selectMaterialList_testCase3 -->
      </class> <!-- com.procurement.controller.httptest.SelectMaterialList_HttpTest -->
      <class name="com.procurement.controller.httptest.IsPlay_HttpTest">
        <test-method status="PASS" signature="IsPlay_testCase1()[pri:0, instance:com.procurement.controller.httptest.IsPlay_HttpTest@457e2f02]" name="IsPlay_testCase1" duration-ms="12" started-at="2017-07-27T19:38:54Z" finished-at="2017-07-27T19:38:54Z">
          <reporter-output>
          </reporter-output>
        </test-method> <!-- IsPlay_testCase1 -->
        <test-method status="PASS" signature="IsPlay_testCase2(java.lang.String, java.lang.String, java.lang.String)[pri:0, instance:com.procurement.controller.httptest.IsPlay_HttpTest@457e2f02]" name="IsPlay_testCase2" duration-ms="207" started-at="2017-07-27T19:38:54Z" data-provider="csvDataProvider" finished-at="2017-07-27T19:38:54Z">
          <params>
            <param index="0">
              <value>
                <![CDATA[test_isPlay]]>
              </value>
            </param>
            <param index="1">
              <value>
                <![CDATA[assets/voice/07/20/n_1500531565405_1720.mp3]]>
              </value>
            </param>
            <param index="2">
              <value>
                <![CDATA[6922266438844]]>
              </value>
            </param>
          </params>
          <reporter-output>
          </reporter-output>
        </test-method> <!-- IsPlay_testCase2 -->
      </class> <!-- com.procurement.controller.httptest.IsPlay_HttpTest -->
      <class name="com.procurement.controller.httptest.UploadDiff_HttpTest">
        <test-method status="PASS" signature="UploadDiff_testCase1()[pri:0, instance:com.procurement.controller.httptest.UploadDiff_HttpTest@29ee9faa]" name="UploadDiff_testCase1" duration-ms="13" started-at="2017-07-27T19:38:59Z" finished-at="2017-07-27T19:38:59Z">
          <reporter-output>
          </reporter-output>
        </test-method> <!-- UploadDiff_testCase1 -->
        <test-method status="FAIL" signature="UploadDiff_testCase2()[pri:0, instance:com.procurement.controller.httptest.UploadDiff_HttpTest@29ee9faa]" name="UploadDiff_testCase2" duration-ms="13" started-at="2017-07-27T19:38:59Z" finished-at="2017-07-27T19:38:59Z">
          <exception class="java.lang.AssertionError">
            <message>
              <![CDATA[接口返回的entry不为'null'.......... expected [{"modifyTime":"2017-07-27 19:39:00","list":[{"matterUrl":"assets/voice/07/20/n_1500531565405_1720.mp3","gmtModify":null,"spu":"","id":28,"gmtCreate":"2017-07-27 19:39:00","matterId":62}]}] but found [null]]]>
            </message>
            <full-stacktrace>
              <![CDATA[java.lang.AssertionError: 接口返回的entry不为'null'.......... expected [{"modifyTime":"2017-07-27 19:39:00","list":[{"matterUrl":"assets/voice/07/20/n_1500531565405_1720.mp3","gmtModify":null,"spu":"","id":28,"gmtCreate":"2017-07-27 19:39:00","matterId":62}]}] but found [null]
	at org.testng.Assert.fail(Assert.java:94)
	at org.testng.Assert.failNotEquals(Assert.java:513)
	at org.testng.Assert.assertEqualsImpl(Assert.java:135)
	at org.testng.Assert.assertEquals(Assert.java:116)
	at org.testng.Assert.assertEquals(Assert.java:190)
	at com.procurement.controller.httptest.UploadDiff_HttpTest.UploadDiff_testCase2(UploadDiff_HttpTest.java:50)
	at sun.reflect.NativeMethodAccessorImpl.invoke0(Native Method)
	at sun.reflect.NativeMethodAccessorImpl.invoke(NativeMethodAccessorImpl.java:62)
	at sun.reflect.DelegatingMethodAccessorImpl.invoke(DelegatingMethodAccessorImpl.java:43)
	at java.lang.reflect.Method.invoke(Method.java:498)
	at org.testng.internal.MethodInvocationHelper.invokeMethod(MethodInvocationHelper.java:86)
	at org.testng.internal.Invoker.invokeMethod(Invoker.java:643)
	at org.testng.internal.Invoker.invokeTestMethod(Invoker.java:820)
	at org.testng.internal.Invoker.invokeTestMethods(Invoker.java:1128)
	at org.testng.internal.TestMethodWorker.invokeTestMethods(TestMethodWorker.java:129)
	at org.testng.internal.TestMethodWorker.run(TestMethodWorker.java:112)
	at org.testng.TestRunner.privateRun(TestRunner.java:782)
	at org.testng.TestRunner.run(TestRunner.java:632)
	at org.testng.SuiteRunner.runTest(SuiteRunner.java:366)
	at org.testng.SuiteRunner.runSequentially(SuiteRunner.java:361)
	at org.testng.SuiteRunner.privateRun(SuiteRunner.java:319)
	at org.testng.SuiteRunner.run(SuiteRunner.java:268)
	at org.testng.SuiteRunnerWorker.runSuite(SuiteRunnerWorker.java:52)
	at org.testng.SuiteRunnerWorker.run(SuiteRunnerWorker.java:86)
	at org.testng.TestNG.runSuitesSequentially(TestNG.java:1244)
	at org.testng.TestNG.runSuitesLocally(TestNG.java:1169)
	at org.testng.TestNG.run(TestNG.java:1064)
	at org.apache.maven.surefire.testng.TestNGExecutor.run(TestNGExecutor.java:122)
	at org.apache.maven.surefire.testng.TestNGXmlTestSuite.execute(TestNGXmlTestSuite.java:92)
	at org.apache.maven.surefire.testng.TestNGProvider.invoke(TestNGProvider.java:101)
	at sun.reflect.NativeMethodAccessorImpl.invoke0(Native Method)
	at sun.reflect.NativeMethodAccessorImpl.invoke(NativeMethodAccessorImpl.java:62)
	at sun.reflect.DelegatingMethodAccessorImpl.invoke(DelegatingMethodAccessorImpl.java:43)
	at java.lang.reflect.Method.invoke(Method.java:498)
	at org.apache.maven.surefire.util.ReflectionUtils.invokeMethodWithArray(ReflectionUtils.java:164)
	at org.apache.maven.surefire.booter.ProviderFactory$ProviderProxy.invoke(ProviderFactory.java:110)
	at org.apache.maven.surefire.booter.SurefireStarter.invokeProvider(SurefireStarter.java:172)
	at org.apache.maven.surefire.booter.SurefireStarter.runSuitesInProcessWhenForked(SurefireStarter.java:104)
	at org.apache.maven.surefire.booter.ForkedBooter.main(ForkedBooter.java:70)
]]>
            </full-stacktrace>
          </exception> <!-- java.lang.AssertionError -->
          <reporter-output>
          </reporter-output>
        </test-method> <!-- UploadDiff_testCase2 -->
      </class> <!-- com.procurement.controller.httptest.UploadDiff_HttpTest -->
      <class name="com.procurement.controller.httptest.SelectActivityList_HttpTest">
        <test-method status="PASS" signature="selectActivityList_testCase1()[pri:0, instance:com.procurement.controller.httptest.SelectActivityList_HttpTest@5c7fa833]" name="selectActivityList_testCase1" duration-ms="669" started-at="2017-07-27T19:38:54Z" finished-at="2017-07-27T19:38:55Z">
          <reporter-output>
          </reporter-output>
        </test-method> <!-- selectActivityList_testCase1 -->
        <test-method status="PASS" signature="selectActivityList_testCase2()[pri:0, instance:com.procurement.controller.httptest.SelectActivityList_HttpTest@5c7fa833]" name="selectActivityList_testCase2" duration-ms="31" started-at="2017-07-27T19:38:55Z" finished-at="2017-07-27T19:38:55Z">
          <reporter-output>
          </reporter-output>
        </test-method> <!-- selectActivityList_testCase2 -->
        <test-method status="PASS" signature="selectActivityList_testCase3()[pri:0, instance:com.procurement.controller.httptest.SelectActivityList_HttpTest@5c7fa833]" name="selectActivityList_testCase3" duration-ms="13" started-at="2017-07-27T19:38:55Z" finished-at="2017-07-27T19:38:55Z">
          <reporter-output>
          </reporter-output>
        </test-method> <!-- selectActivityList_testCase3 -->
      </class> <!-- com.procurement.controller.httptest.SelectActivityList_HttpTest -->
      <class name="com.procurement.controller.httptest.SelectSpuById_HttpTest">
        <test-method status="PASS" signature="selectSpuById_testCase1()[pri:0, instance:com.procurement.controller.httptest.SelectSpuById_HttpTest@4678c730]" name="selectSpuById_testCase1" duration-ms="14" started-at="2017-07-27T19:38:57Z" finished-at="2017-07-27T19:38:57Z">
          <reporter-output>
          </reporter-output>
        </test-method> <!-- selectSpuById_testCase1 -->
        <test-method status="PASS" signature="selectSpuById_testcase2(java.lang.String, java.lang.String, java.lang.String)[pri:0, instance:com.procurement.controller.httptest.SelectSpuById_HttpTest@4678c730]" name="selectSpuById_testcase2" duration-ms="1987" started-at="2017-07-27T19:38:57Z" data-provider="csvDataProvider" finished-at="2017-07-27T19:38:59Z">
          <params>
            <param index="0">
              <value>
                <![CDATA[test_selectSpu]]>
              </value>
            </param>
            <param index="1">
              <value>
                <![CDATA[assets/voice/07/20/n_1500531565405_1720.mp3]]>
              </value>
            </param>
            <param index="2">
              <value>
                <![CDATA[6922266440007]]>
              </value>
            </param>
          </params>
          <reporter-output>
          </reporter-output>
        </test-method> <!-- selectSpuById_testcase2 -->
      </class> <!-- com.procurement.controller.httptest.SelectSpuById_HttpTest -->
      <class name="com.procurement.controller.httptest.UpdateMaterial_HttpTest">
        <test-method status="PASS" signature="createMaterial_testCase1(java.lang.String, java.lang.String, java.lang.String, java.lang.String)[pri:0, instance:com.procurement.controller.httptest.UpdateMaterial_HttpTest@6767c1fc]" name="createMaterial_testCase1" duration-ms="307" started-at="2017-07-27T19:38:59Z" data-provider="csvDataProvider" finished-at="2017-07-27T19:38:59Z">
          <params>
            <param index="0">
              <value>
                <![CDATA[test_updateMaterial]]>
              </value>
            </param>
            <param index="1">
              <value>
                <![CDATA[assets/voice/07/20/n_1500531565405_1720.mp3]]>
              </value>
            </param>
            <param index="2">
              <value>
                <![CDATA[6922266449611]]>
              </value>
            </param>
            <param index="3">
              <value>
                <![CDATA[6922939231062]]>
              </value>
            </param>
          </params>
          <reporter-output>
          </reporter-output>
        </test-method> <!-- createMaterial_testCase1 -->
        <test-method status="PASS" signature="createMaterial_testCase2()[pri:0, instance:com.procurement.controller.httptest.UpdateMaterial_HttpTest@6767c1fc]" name="createMaterial_testCase2" duration-ms="14" started-at="2017-07-27T19:38:59Z" depends-on-methods="com.procurement.controller.httptest.UpdateMaterial_HttpTest.createMaterial_testCase1" finished-at="2017-07-27T19:38:59Z">
          <reporter-output>
          </reporter-output>
        </test-method> <!-- createMaterial_testCase2 -->
      </class> <!-- com.procurement.controller.httptest.UpdateMaterial_HttpTest -->
    </test> <!-- procurement -->
  </suite> <!-- Suite1 -->
</testng-results>
